This file contains any messages produced by compilers while
running configure, to aid debugging if configure makes a mistake.

It was created by GNU plotutils configure 2.6, which was
generated by GNU Autoconf 2.61.  Invocation command line was

  $ ./configure 

## --------- ##
## Platform. ##
## --------- ##

hostname = ubuntu
uname -m = x86_64
uname -r = 3.13.0-32-generic
uname -s = Linux
uname -v = #57-Ubuntu SMP Tue Jul 15 03:51:08 UTC 2014

/usr/bin/uname -p = unknown
/bin/uname -X     = unknown

/bin/arch              = unknown
/usr/bin/arch -k       = unknown
/usr/convex/getsysinfo = unknown
/usr/bin/hostinfo      = unknown
/bin/machine           = unknown
/usr/bin/oslevel       = unknown
/bin/universe          = unknown

PATH: /usr/local/sbin
PATH: /usr/local/bin
PATH: /usr/sbin
PATH: /usr/bin
PATH: /sbin
PATH: /bin
PATH: /usr/games
PATH: /usr/local/games


## ----------- ##
## Core tests. ##
## ----------- ##

configure:2025: checking for a BSD-compatible install
configure:2081: result: /usr/bin/install -c
configure:2092: checking whether build environment is sane
configure:2135: result: yes
configure:2163: checking for a thread-safe mkdir -p
configure:2202: result: /bin/mkdir -p
configure:2215: checking for gawk
configure:2231: found /usr/bin/gawk
configure:2242: result: gawk
configure:2253: checking whether make sets $(MAKE)
configure:2274: result: yes
configure:2598: checking build system type
configure:2616: result: x86_64-unknown-linux-gnu
configure:2638: checking host system type
configure:2653: result: x86_64-unknown-linux-gnu
configure:2687: checking for style of include used by make
configure:2715: result: GNU
configure:2785: checking for gcc
configure:2801: found /usr/bin/gcc
configure:2812: result: gcc
configure:3050: checking for C compiler version
configure:3057: gcc --version >&5
gcc (Ubuntu 4.8.2-19ubuntu1) 4.8.2
Copyright (C) 2013 Free Software Foundation, Inc.
This is free software; see the source for copying conditions.  There is NO
warranty; not even for MERCHANTABILITY or FITNESS FOR A PARTICULAR PURPOSE.

configure:3060: $? = 0
configure:3067: gcc -v >&5
Using built-in specs.
COLLECT_GCC=gcc
COLLECT_LTO_WRAPPER=/usr/lib/gcc/x86_64-linux-gnu/4.8/lto-wrapper
Target: x86_64-linux-gnu
Configured with: ../src/configure -v --with-pkgversion='Ubuntu 4.8.2-19ubuntu1' --with-bugurl=file:///usr/share/doc/gcc-4.8/README.Bugs --enable-languages=c,c++,java,go,d,fortran,objc,obj-c++ --prefix=/usr --program-suffix=-4.8 --enable-shared --enable-linker-build-id --libexecdir=/usr/lib --without-included-gettext --enable-threads=posix --with-gxx-include-dir=/usr/include/c++/4.8 --libdir=/usr/lib --enable-nls --with-sysroot=/ --enable-clocale=gnu --enable-libstdcxx-debug --enable-libstdcxx-time=yes --enable-gnu-unique-object --disable-libmudflap --enable-plugin --with-system-zlib --disable-browser-plugin --enable-java-awt=gtk --enable-gtk-cairo --with-java-home=/usr/lib/jvm/java-1.5.0-gcj-4.8-amd64/jre --enable-java-home --with-jvm-root-dir=/usr/lib/jvm/java-1.5.0-gcj-4.8-amd64 --with-jvm-jar-dir=/usr/lib/jvm-exports/java-1.5.0-gcj-4.8-amd64 --with-arch-directory=amd64 --with-ecj-jar=/usr/share/java/eclipse-ecj.jar --enable-objc-gc --enable-multiarch --disable-werror --with-arch-32=i686 --with-abi=m64 --with-multilib-list=m32,m64,mx32 --with-tune=generic --enable-checking=release --build=x86_64-linux-gnu --host=x86_64-linux-gnu --target=x86_64-linux-gnu
Thread model: posix
gcc version 4.8.2 (Ubuntu 4.8.2-19ubuntu1) 
configure:3070: $? = 0
configure:3077: gcc -V >&5
gcc: error: unrecognized command line option '-V'
gcc: fatal error: no input files
compilation terminated.
configure:3080: $? = 4
configure:3103: checking for C compiler default output file name
configure:3130: gcc    conftest.c  >&5
configure:3133: $? = 0
configure:3171: result: a.out
configure:3188: checking whether the C compiler works
configure:3198: ./a.out
configure:3201: $? = 0
configure:3218: result: yes
configure:3225: checking whether we are cross compiling
configure:3227: result: no
configure:3230: checking for suffix of executables
configure:3237: gcc -o conftest    conftest.c  >&5
configure:3240: $? = 0
configure:3264: result: 
configure:3270: checking for suffix of object files
configure:3296: gcc -c   conftest.c >&5
configure:3299: $? = 0
configure:3322: result: o
configure:3326: checking whether we are using the GNU C compiler
configure:3355: gcc -c   conftest.c >&5
configure:3361: $? = 0
configure:3378: result: yes
configure:3383: checking whether gcc accepts -g
configure:3413: gcc -c -g  conftest.c >&5
configure:3419: $? = 0
configure:3518: result: yes
configure:3535: checking for gcc option to accept ISO C89
configure:3609: gcc  -c -g -O2  conftest.c >&5
configure:3615: $? = 0
configure:3638: result: none needed
configure:3658: checking dependency style of gcc
configure:3749: result: gcc3
configure:3764: checking for a sed that does not truncate output
configure:3818: result: /bin/sed
configure:3821: checking for grep that handles long lines and -e
configure:3895: result: /bin/grep
configure:3900: checking for egrep
configure:3978: result: /bin/grep -E
configure:3994: checking for ld used by gcc
configure:4061: result: /usr/bin/ld
configure:4070: checking if the linker (/usr/bin/ld) is GNU ld
configure:4085: result: yes
configure:4090: checking for /usr/bin/ld option to reload object files
configure:4097: result: -r
configure:4115: checking for BSD-compatible nm
configure:4164: result: /usr/bin/nm -B
configure:4168: checking whether ln -s works
configure:4172: result: yes
configure:4179: checking how to recognise dependent libraries
configure:4355: result: pass_all
configure:4443: gcc -c -g -O2  conftest.c >&5
configure:4446: $? = 0
configure:4589: checking how to run the C preprocessor
configure:4629: gcc -E  conftest.c
configure:4635: $? = 0
configure:4666: gcc -E  conftest.c
conftest.c:10:28: fatal error: ac_nonexistent.h: No such file or directory
 #include <ac_nonexistent.h>
                            ^
compilation terminated.
configure:4672: $? = 1
configure: failed program was:
| /* confdefs.h.  */
| #define PACKAGE_NAME "GNU plotutils"
| #define PACKAGE_TARNAME "plotutils"
| #define PACKAGE_VERSION "2.6"
| #define PACKAGE_STRING "GNU plotutils 2.6"
| #define PACKAGE_BUGREPORT "bug-plotutils@gnu.org"
| #define PACKAGE "plotutils"
| #define VERSION "2.6"
| /* end confdefs.h.  */
| #include <ac_nonexistent.h>
configure:4705: result: gcc -E
configure:4734: gcc -E  conftest.c
configure:4740: $? = 0
configure:4771: gcc -E  conftest.c
conftest.c:10:28: fatal error: ac_nonexistent.h: No such file or directory
 #include <ac_nonexistent.h>
                            ^
compilation terminated.
configure:4777: $? = 1
configure: failed program was:
| /* confdefs.h.  */
| #define PACKAGE_NAME "GNU plotutils"
| #define PACKAGE_TARNAME "plotutils"
| #define PACKAGE_VERSION "2.6"
| #define PACKAGE_STRING "GNU plotutils 2.6"
| #define PACKAGE_BUGREPORT "bug-plotutils@gnu.org"
| #define PACKAGE "plotutils"
| #define VERSION "2.6"
| /* end confdefs.h.  */
| #include <ac_nonexistent.h>
configure:4815: checking for ANSI C header files
configure:4845: gcc -c -g -O2  conftest.c >&5
configure:4851: $? = 0
configure:4950: gcc -o conftest -g -O2   conftest.c  >&5
configure:4953: $? = 0
configure:4959: ./conftest
configure:4962: $? = 0
configure:4979: result: yes
configure:5003: checking for sys/types.h
configure:5024: gcc -c -g -O2  conftest.c >&5
configure:5030: $? = 0
configure:5046: result: yes
configure:5003: checking for sys/stat.h
configure:5024: gcc -c -g -O2  conftest.c >&5
configure:5030: $? = 0
configure:5046: result: yes
configure:5003: checking for stdlib.h
configure:5024: gcc -c -g -O2  conftest.c >&5
configure:5030: $? = 0
configure:5046: result: yes
configure:5003: checking for string.h
configure:5024: gcc -c -g -O2  conftest.c >&5
configure:5030: $? = 0
configure:5046: result: yes
configure:5003: checking for memory.h
configure:5024: gcc -c -g -O2  conftest.c >&5
configure:5030: $? = 0
configure:5046: result: yes
configure:5003: checking for strings.h
configure:5024: gcc -c -g -O2  conftest.c >&5
configure:5030: $? = 0
configure:5046: result: yes
configure:5003: checking for inttypes.h
configure:5024: gcc -c -g -O2  conftest.c >&5
configure:5030: $? = 0
configure:5046: result: yes
configure:5003: checking for stdint.h
configure:5024: gcc -c -g -O2  conftest.c >&5
configure:5030: $? = 0
configure:5046: result: yes
configure:5003: checking for unistd.h
configure:5024: gcc -c -g -O2  conftest.c >&5
configure:5030: $? = 0
configure:5046: result: yes
configure:5073: checking dlfcn.h usability
configure:5090: gcc -c -g -O2  conftest.c >&5
configure:5096: $? = 0
configure:5110: result: yes
configure:5114: checking dlfcn.h presence
configure:5129: gcc -E  conftest.c
configure:5135: $? = 0
configure:5149: result: yes
configure:5182: checking for dlfcn.h
configure:5190: result: yes
configure:5261: checking for g++
configure:5277: found /usr/bin/g++
configure:5288: result: g++
configure:5319: checking for C++ compiler version
configure:5326: g++ --version >&5
g++ (Ubuntu 4.8.2-19ubuntu1) 4.8.2
Copyright (C) 2013 Free Software Foundation, Inc.
This is free software; see the source for copying conditions.  There is NO
warranty; not even for MERCHANTABILITY or FITNESS FOR A PARTICULAR PURPOSE.

configure:5329: $? = 0
configure:5336: g++ -v >&5
Using built-in specs.
COLLECT_GCC=g++
COLLECT_LTO_WRAPPER=/usr/lib/gcc/x86_64-linux-gnu/4.8/lto-wrapper
Target: x86_64-linux-gnu
Configured with: ../src/configure -v --with-pkgversion='Ubuntu 4.8.2-19ubuntu1' --with-bugurl=file:///usr/share/doc/gcc-4.8/README.Bugs --enable-languages=c,c++,java,go,d,fortran,objc,obj-c++ --prefix=/usr --program-suffix=-4.8 --enable-shared --enable-linker-build-id --libexecdir=/usr/lib --without-included-gettext --enable-threads=posix --with-gxx-include-dir=/usr/include/c++/4.8 --libdir=/usr/lib --enable-nls --with-sysroot=/ --enable-clocale=gnu --enable-libstdcxx-debug --enable-libstdcxx-time=yes --enable-gnu-unique-object --disable-libmudflap --enable-plugin --with-system-zlib --disable-browser-plugin --enable-java-awt=gtk --enable-gtk-cairo --with-java-home=/usr/lib/jvm/java-1.5.0-gcj-4.8-amd64/jre --enable-java-home --with-jvm-root-dir=/usr/lib/jvm/java-1.5.0-gcj-4.8-amd64 --with-jvm-jar-dir=/usr/lib/jvm-exports/java-1.5.0-gcj-4.8-amd64 --with-arch-directory=amd64 --with-ecj-jar=/usr/share/java/eclipse-ecj.jar --enable-objc-gc --enable-multiarch --disable-werror --with-arch-32=i686 --with-abi=m64 --with-multilib-list=m32,m64,mx32 --with-tune=generic --enable-checking=release --build=x86_64-linux-gnu --host=x86_64-linux-gnu --target=x86_64-linux-gnu
Thread model: posix
gcc version 4.8.2 (Ubuntu 4.8.2-19ubuntu1) 
configure:5339: $? = 0
configure:5346: g++ -V >&5
g++: error: unrecognized command line option '-V'
g++: fatal error: no input files
compilation terminated.
configure:5349: $? = 4
configure:5352: checking whether we are using the GNU C++ compiler
configure:5381: g++ -c   conftest.cpp >&5
configure:5387: $? = 0
configure:5404: result: yes
configure:5409: checking whether g++ accepts -g
configure:5439: g++ -c -g  conftest.cpp >&5
configure:5445: $? = 0
configure:5544: result: yes
configure:5569: checking dependency style of g++
configure:5660: result: gcc3
configure:5685: checking how to run the C++ preprocessor
configure:5721: g++ -E  conftest.cpp
configure:5727: $? = 0
configure:5758: g++ -E  conftest.cpp
conftest.cpp:21:28: fatal error: ac_nonexistent.h: No such file or directory
 #include <ac_nonexistent.h>
                            ^
compilation terminated.
configure:5764: $? = 1
configure: failed program was:
| /* confdefs.h.  */
| #define PACKAGE_NAME "GNU plotutils"
| #define PACKAGE_TARNAME "plotutils"
| #define PACKAGE_VERSION "2.6"
| #define PACKAGE_STRING "GNU plotutils 2.6"
| #define PACKAGE_BUGREPORT "bug-plotutils@gnu.org"
| #define PACKAGE "plotutils"
| #define VERSION "2.6"
| #define STDC_HEADERS 1
| #define HAVE_SYS_TYPES_H 1
| #define HAVE_SYS_STAT_H 1
| #define HAVE_STDLIB_H 1
| #define HAVE_STRING_H 1
| #define HAVE_MEMORY_H 1
| #define HAVE_STRINGS_H 1
| #define HAVE_INTTYPES_H 1
| #define HAVE_STDINT_H 1
| #define HAVE_UNISTD_H 1
| #define HAVE_DLFCN_H 1
| /* end confdefs.h.  */
| #include <ac_nonexistent.h>
configure:5797: result: g++ -E
configure:5826: g++ -E  conftest.cpp
configure:5832: $? = 0
configure:5863: g++ -E  conftest.cpp
conftest.cpp:21:28: fatal error: ac_nonexistent.h: No such file or directory
 #include <ac_nonexistent.h>
                            ^
compilation terminated.
configure:5869: $? = 1
configure: failed program was:
| /* confdefs.h.  */
| #define PACKAGE_NAME "GNU plotutils"
| #define PACKAGE_TARNAME "plotutils"
| #define PACKAGE_VERSION "2.6"
| #define PACKAGE_STRING "GNU plotutils 2.6"
| #define PACKAGE_BUGREPORT "bug-plotutils@gnu.org"
| #define PACKAGE "plotutils"
| #define VERSION "2.6"
| #define STDC_HEADERS 1
| #define HAVE_SYS_TYPES_H 1
| #define HAVE_SYS_STAT_H 1
| #define HAVE_STDLIB_H 1
| #define HAVE_STRING_H 1
| #define HAVE_MEMORY_H 1
| #define HAVE_STRINGS_H 1
| #define HAVE_INTTYPES_H 1
| #define HAVE_STDINT_H 1
| #define HAVE_UNISTD_H 1
| #define HAVE_DLFCN_H 1
| /* end confdefs.h.  */
| #include <ac_nonexistent.h>
configure:5962: checking for g77
configure:5992: result: no
configure:5962: checking for xlf
configure:5992: result: no
configure:5962: checking for f77
configure:5992: result: no
configure:5962: checking for frt
configure:5992: result: no
configure:5962: checking for pgf77
configure:5992: result: no
configure:5962: checking for cf77
configure:5992: result: no
configure:5962: checking for fort77
configure:5992: result: no
configure:5962: checking for fl32
configure:5992: result: no
configure:5962: checking for af77
configure:5992: result: no
configure:5962: checking for xlf90
configure:5992: result: no
configure:5962: checking for f90
configure:5992: result: no
configure:5962: checking for pgf90
configure:5992: result: no
configure:5962: checking for pghpf
configure:5992: result: no
configure:5962: checking for epcf90
configure:5992: result: no
configure:5962: checking for gfortran
configure:5992: result: no
configure:5962: checking for g95
configure:5992: result: no
configure:5962: checking for xlf95
configure:5992: result: no
configure:5962: checking for f95
configure:5992: result: no
configure:5962: checking for fort
configure:5992: result: no
configure:5962: checking for ifort
configure:5992: result: no
configure:5962: checking for ifc
configure:5992: result: no
configure:5962: checking for efc
configure:5992: result: no
configure:5962: checking for pgf95
configure:5992: result: no
configure:5962: checking for lf95
configure:5992: result: no
configure:5962: checking for ftn
configure:5992: result: no
configure:6019: checking for Fortran 77 compiler version
configure:6026:  --version >&5
./configure: line 6027: --version: command not found
configure:6029: $? = 127
configure:6036:  -v >&5
./configure: line 6037: -v: command not found
configure:6039: $? = 127
configure:6046:  -V >&5
./configure: line 6047: -V: command not found
configure:6049: $? = 127
configure:6057: checking whether we are using the GNU Fortran 77 compiler
configure:6076:  -c  conftest.F >&5
./configure: line 6077: -c: command not found
configure:6082: $? = 127
configure: failed program was:
|       program main
| #ifndef __GNUC__
|        choke me
| #endif
| 
|       end
configure:6099: result: no
configure:6105: checking whether  accepts -g
configure:6122:  -c -g conftest.f >&5
./configure: line 6123: -c: command not found
configure:6128: $? = 127
configure: failed program was:
|       program main
| 
|       end
configure:6144: result: no
configure:6174: checking the maximum length of command line arguments
configure:6283: result: 32768
configure:6294: checking command to parse /usr/bin/nm -B output from gcc object
configure:6399: gcc -c -g -O2  conftest.c >&5
configure:6402: $? = 0
configure:6406: /usr/bin/nm -B conftest.o \| sed -n -e 's/^.*[ 	]\([ABCDGIRSTW][ABCDGIRSTW]*\)[ 	][ 	]*\([_A-Za-z][_A-Za-z0-9]*\)$/\1 \2 \2/p' \> conftest.nm
configure:6409: $? = 0
configure:6461: gcc -o conftest -g -O2   conftest.c conftstm.o >&5
configure:6464: $? = 0
configure:6502: result: ok
configure:6506: checking for objdir
configure:6521: result: .libs
configure:6613: checking for ar
configure:6629: found /usr/bin/ar
configure:6640: result: ar
configure:6709: checking for ranlib
configure:6725: found /usr/bin/ranlib
configure:6736: result: ranlib
configure:6805: checking for strip
configure:6821: found /usr/bin/strip
configure:6832: result: strip
configure:7118: checking if gcc supports -fno-rtti -fno-exceptions
configure:7136: gcc -c -g -O2  -fno-rtti -fno-exceptions conftest.c >&5
cc1: warning: command line option '-fno-rtti' is valid for C++/ObjC++ but not for C [enabled by default]
configure:7140: $? = 0
configure:7153: result: no
configure:7168: checking for gcc option to produce PIC
configure:7378: result: -fPIC
configure:7386: checking if gcc PIC flag -fPIC works
configure:7404: gcc -c -g -O2  -fPIC -DPIC conftest.c >&5
configure:7408: $? = 0
configure:7421: result: yes
configure:7449: checking if gcc static flag -static works
configure:7477: result: yes
configure:7487: checking if gcc supports -c -o file.o
configure:7508: gcc -c -g -O2  -o out/conftest2.o conftest.c >&5
configure:7512: $? = 0
configure:7534: result: yes
configure:7560: checking whether the gcc linker (/usr/bin/ld -m elf_x86_64) supports shared libraries
configure:8515: result: yes
configure:8536: checking whether -lc should be explicitly linked in
configure:8541: gcc -c -g -O2  conftest.c >&5
configure:8544: $? = 0
configure:8559: gcc -shared conftest.o  -v -Wl,-soname -Wl,conftest -o conftest 2\>\&1 \| grep  -lc  \>/dev/null 2\>\&1
configure:8562: $? = 0
configure:8574: result: no
configure:8582: checking dynamic linker characteristics
configure:9158: result: GNU/Linux ld.so
configure:9167: checking how to hardcode library paths into programs
configure:9192: result: immediate
configure:9206: checking whether stripping libraries is possible
configure:9211: result: yes
configure:10012: checking if libtool supports shared libraries
configure:10014: result: yes
configure:10017: checking whether to build shared libraries
configure:10038: result: yes
configure:10041: checking whether to build static libraries
configure:10045: result: yes
configure:10137: creating libtool
configure:10725: checking for ld used by g++
configure:10792: result: /usr/bin/ld -m elf_x86_64
configure:10801: checking if the linker (/usr/bin/ld -m elf_x86_64) is GNU ld
configure:10816: result: yes
configure:10867: checking whether the g++ linker (/usr/bin/ld -m elf_x86_64) supports shared libraries
configure:11801: result: yes
configure:11819: g++ -c -g -O2  conftest.cpp >&5
configure:11822: $? = 0
configure:11941: checking for g++ option to produce PIC
configure:12215: result: -fPIC
configure:12223: checking if g++ PIC flag -fPIC works
configure:12241: g++ -c -g -O2  -fPIC -DPIC conftest.cpp >&5
configure:12245: $? = 0
configure:12258: result: yes
configure:12286: checking if g++ static flag -static works
configure:12314: result: yes
configure:12324: checking if g++ supports -c -o file.o
configure:12345: g++ -c -g -O2  -o out/conftest2.o conftest.cpp >&5
configure:12349: $? = 0
configure:12371: result: yes
configure:12397: checking whether the g++ linker (/usr/bin/ld -m elf_x86_64) supports shared libraries
configure:12425: result: yes
configure:12492: checking dynamic linker characteristics
configure:13068: result: GNU/Linux ld.so
configure:13077: checking how to hardcode library paths into programs
configure:13102: result: immediate
configure:19225: checking for an ANSI C-conforming const
configure:19300: gcc -c -g -O2  conftest.c >&5
configure:19306: $? = 0
configure:19321: result: yes
configure:19331: checking for size_t
configure:19361: gcc -c -g -O2  conftest.c >&5
configure:19367: $? = 0
configure:19382: result: yes
configure:19394: checking for pid_t
configure:19424: gcc -c -g -O2  conftest.c >&5
configure:19430: $? = 0
configure:19445: result: yes
configure:19457: checking return type of signal handlers
configure:19485: gcc -c -g -O2  conftest.c >&5
conftest.c: In function 'main':
conftest.c:27:1: error: void value not ignored as it ought to be
 return *(signal (0, 0)) (0) == 1;
 ^
configure:19491: $? = 1
configure: failed program was:
| /* confdefs.h.  */
| #define PACKAGE_NAME "GNU plotutils"
| #define PACKAGE_TARNAME "plotutils"
| #define PACKAGE_VERSION "2.6"
| #define PACKAGE_STRING "GNU plotutils 2.6"
| #define PACKAGE_BUGREPORT "bug-plotutils@gnu.org"
| #define PACKAGE "plotutils"
| #define VERSION "2.6"
| #define STDC_HEADERS 1
| #define HAVE_SYS_TYPES_H 1
| #define HAVE_SYS_STAT_H 1
| #define HAVE_STDLIB_H 1
| #define HAVE_STRING_H 1
| #define HAVE_MEMORY_H 1
| #define HAVE_STRINGS_H 1
| #define HAVE_INTTYPES_H 1
| #define HAVE_STDINT_H 1
| #define HAVE_UNISTD_H 1
| #define HAVE_DLFCN_H 1
| /* end confdefs.h.  */
| #include <sys/types.h>
| #include <signal.h>
| 
| int
| main ()
| {
| return *(signal (0, 0)) (0) == 1;
|   ;
|   return 0;
| }
configure:19506: result: void
configure:19516: checking whether flushing a null FILE pointer works
configure:19550: gcc -o conftest -g -O2   conftest.c  >&5
conftest.c: In function 'main':
conftest.c:34:5: warning: incompatible implicit declaration of built-in function 'exit' [enabled by default]
     exit (1);
     ^
configure:19553: $? = 0
configure:19559: ./conftest
configure:19562: $? = 0
configure:19564: result: yes
configure:19584: checking for ANSI C header files
configure:19748: result: yes
configure:19765: checking for string.h
configure:19771: result: yes
configure:19775: checking limits.h usability
configure:19792: gcc -c -g -O2  conftest.c >&5
configure:19798: $? = 0
configure:19812: result: yes
configure:19816: checking limits.h presence
configure:19831: gcc -E  conftest.c
configure:19837: $? = 0
configure:19851: result: yes
configure:19884: checking for limits.h
configure:19892: result: yes
configure:19775: checking float.h usability
configure:19792: gcc -c -g -O2  conftest.c >&5
configure:19798: $? = 0
configure:19812: result: yes
configure:19816: checking float.h presence
configure:19831: gcc -E  conftest.c
configure:19837: $? = 0
configure:19851: result: yes
configure:19884: checking for float.h
configure:19892: result: yes
configure:19929: checking malloc.h usability
configure:19946: gcc -c -g -O2  conftest.c >&5
configure:19952: $? = 0
configure:19966: result: yes
configure:19970: checking malloc.h presence
configure:19985: gcc -E  conftest.c
configure:19991: $? = 0
configure:20005: result: yes
configure:20038: checking for malloc.h
configure:20046: result: yes
configure:19929: checking pthread.h usability
configure:19946: gcc -c -g -O2  conftest.c >&5
configure:19952: $? = 0
configure:19966: result: yes
configure:19970: checking pthread.h presence
configure:19985: gcc -E  conftest.c
configure:19991: $? = 0
configure:20005: result: yes
configure:20038: checking for pthread.h
configure:20046: result: yes
configure:19919: checking for strings.h
configure:19925: result: yes
configure:19919: checking for unistd.h
configure:19925: result: yes
configure:19929: checking values.h usability
configure:19946: gcc -c -g -O2  conftest.c >&5
configure:19952: $? = 0
configure:19966: result: yes
configure:19970: checking values.h presence
configure:19985: gcc -E  conftest.c
configure:19991: $? = 0
configure:20005: result: yes
configure:20038: checking for values.h
configure:20046: result: yes
configure:19929: checking sys/select.h usability
configure:19946: gcc -c -g -O2  conftest.c >&5
configure:19952: $? = 0
configure:19966: result: yes
configure:19970: checking sys/select.h presence
configure:19985: gcc -E  conftest.c
configure:19991: $? = 0
configure:20005: result: yes
configure:20038: checking for sys/select.h
configure:20046: result: yes
configure:19929: checking sys/stdtypes.h usability
configure:19946: gcc -c -g -O2  conftest.c >&5
conftest.c:66:26: fatal error: sys/stdtypes.h: No such file or directory
 #include <sys/stdtypes.h>
                          ^
compilation terminated.
configure:19952: $? = 1
configure: failed program was:
| /* confdefs.h.  */
| #define PACKAGE_NAME "GNU plotutils"
| #define PACKAGE_TARNAME "plotutils"
| #define PACKAGE_VERSION "2.6"
| #define PACKAGE_STRING "GNU plotutils 2.6"
| #define PACKAGE_BUGREPORT "bug-plotutils@gnu.org"
| #define PACKAGE "plotutils"
| #define VERSION "2.6"
| #define STDC_HEADERS 1
| #define HAVE_SYS_TYPES_H 1
| #define HAVE_SYS_STAT_H 1
| #define HAVE_STDLIB_H 1
| #define HAVE_STRING_H 1
| #define HAVE_MEMORY_H 1
| #define HAVE_STRINGS_H 1
| #define HAVE_INTTYPES_H 1
| #define HAVE_STDINT_H 1
| #define HAVE_UNISTD_H 1
| #define HAVE_DLFCN_H 1
| #define RETSIGTYPE void
| #define HAVE_NULL_FLUSH 1
| #define STDC_HEADERS 1
| #define HAVE_STRING_H 1
| #define HAVE_LIMITS_H 1
| #define HAVE_FLOAT_H 1
| #define HAVE_MALLOC_H 1
| #define HAVE_PTHREAD_H 1
| #define HAVE_STRINGS_H 1
| #define HAVE_UNISTD_H 1
| #define HAVE_VALUES_H 1
| #define HAVE_SYS_SELECT_H 1
| /* end confdefs.h.  */
| #include <stdio.h>
| #ifdef HAVE_SYS_TYPES_H
| # include <sys/types.h>
| #endif
| #ifdef HAVE_SYS_STAT_H
| # include <sys/stat.h>
| #endif
| #ifdef STDC_HEADERS
| # include <stdlib.h>
| # include <stddef.h>
| #else
| # ifdef HAVE_STDLIB_H
| #  include <stdlib.h>
| # endif
| #endif
| #ifdef HAVE_STRING_H
| # if !defined STDC_HEADERS && defined HAVE_MEMORY_H
| #  include <memory.h>
| # endif
| # include <string.h>
| #endif
| #ifdef HAVE_STRINGS_H
| # include <strings.h>
| #endif
| #ifdef HAVE_INTTYPES_H
| # include <inttypes.h>
| #endif
| #ifdef HAVE_STDINT_H
| # include <stdint.h>
| #endif
| #ifdef HAVE_UNISTD_H
| # include <unistd.h>
| #endif
| #include <sys/stdtypes.h>
configure:19966: result: no
configure:19970: checking sys/stdtypes.h presence
configure:19985: gcc -E  conftest.c
conftest.c:33:26: fatal error: sys/stdtypes.h: No such file or directory
 #include <sys/stdtypes.h>
                          ^
compilation terminated.
configure:19991: $? = 1
configure: failed program was:
| /* confdefs.h.  */
| #define PACKAGE_NAME "GNU plotutils"
| #define PACKAGE_TARNAME "plotutils"
| #define PACKAGE_VERSION "2.6"
| #define PACKAGE_STRING "GNU plotutils 2.6"
| #define PACKAGE_BUGREPORT "bug-plotutils@gnu.org"
| #define PACKAGE "plotutils"
| #define VERSION "2.6"
| #define STDC_HEADERS 1
| #define HAVE_SYS_TYPES_H 1
| #define HAVE_SYS_STAT_H 1
| #define HAVE_STDLIB_H 1
| #define HAVE_STRING_H 1
| #define HAVE_MEMORY_H 1
| #define HAVE_STRINGS_H 1
| #define HAVE_INTTYPES_H 1
| #define HAVE_STDINT_H 1
| #define HAVE_UNISTD_H 1
| #define HAVE_DLFCN_H 1
| #define RETSIGTYPE void
| #define HAVE_NULL_FLUSH 1
| #define STDC_HEADERS 1
| #define HAVE_STRING_H 1
| #define HAVE_LIMITS_H 1
| #define HAVE_FLOAT_H 1
| #define HAVE_MALLOC_H 1
| #define HAVE_PTHREAD_H 1
| #define HAVE_STRINGS_H 1
| #define HAVE_UNISTD_H 1
| #define HAVE_VALUES_H 1
| #define HAVE_SYS_SELECT_H 1
| /* end confdefs.h.  */
| #include <sys/stdtypes.h>
configure:20005: result: no
configure:20038: checking for sys/stdtypes.h
configure:20046: result: no
configure:19929: checking sys/time.h usability
configure:19946: gcc -c -g -O2  conftest.c >&5
configure:19952: $? = 0
configure:19966: result: yes
configure:19970: checking sys/time.h presence
configure:19985: gcc -E  conftest.c
configure:19991: $? = 0
configure:20005: result: yes
configure:20038: checking for sys/time.h
configure:20046: result: yes
configure:19919: checking for sys/types.h
configure:19925: result: yes
configure:19929: checking sys/wait.h usability
configure:19946: gcc -c -g -O2  conftest.c >&5
configure:19952: $? = 0
configure:19966: result: yes
configure:19970: checking sys/wait.h presence
configure:19985: gcc -E  conftest.c
configure:19991: $? = 0
configure:20005: result: yes
configure:20038: checking for sys/wait.h
configure:20046: result: yes
configure:20059: checking whether time.h and sys/time.h may both be included
configure:20089: gcc -c -g -O2  conftest.c >&5
configure:20095: $? = 0
configure:20110: result: yes
configure:20158: checking for working alloca.h
configure:20185: gcc -o conftest -g -O2   conftest.c  >&5
configure:20191: $? = 0
configure:20208: result: yes
configure:20218: checking for alloca
configure:20265: gcc -o conftest -g -O2   conftest.c  >&5
configure:20271: $? = 0
configure:20288: result: yes
configure:20522: checking for bison
configure:20552: result: no
configure:20522: checking for byacc
configure:20552: result: no
configure:20565: checking for flex
configure:20595: result: no
configure:20565: checking for lex
configure:20595: result: no
configure:20774: checking for pthread_mutex_init in -lc
configure:20809: gcc -o conftest -g -O2   conftest.c -lc   >&5
configure:20815: $? = 0
configure:20833: result: yes
configure:20849: checking for ctime_r
configure:20905: gcc -o conftest -g -O2   conftest.c  >&5
configure:20911: $? = 0
configure:20929: result: yes
configure:20849: checking for localtime_r
configure:20905: gcc -o conftest -g -O2   conftest.c  >&5
configure:20911: $? = 0
configure:20929: result: yes
configure:20945: checking for waitpid
configure:21001: gcc -o conftest -g -O2   conftest.c  >&5
configure:21007: $? = 0
configure:21025: result: yes
configure:21039: checking for matherr in -lmx
configure:21074: gcc -o conftest -g -O2   conftest.c -lmx   >&5
/usr/bin/ld: cannot find -lmx
collect2: error: ld returned 1 exit status
configure:21080: $? = 1
configure: failed program was:
| /* confdefs.h.  */
| #define PACKAGE_NAME "GNU plotutils"
| #define PACKAGE_TARNAME "plotutils"
| #define PACKAGE_VERSION "2.6"
| #define PACKAGE_STRING "GNU plotutils 2.6"
| #define PACKAGE_BUGREPORT "bug-plotutils@gnu.org"
| #define PACKAGE "plotutils"
| #define VERSION "2.6"
| #define STDC_HEADERS 1
| #define HAVE_SYS_TYPES_H 1
| #define HAVE_SYS_STAT_H 1
| #define HAVE_STDLIB_H 1
| #define HAVE_STRING_H 1
| #define HAVE_MEMORY_H 1
| #define HAVE_STRINGS_H 1
| #define HAVE_INTTYPES_H 1
| #define HAVE_STDINT_H 1
| #define HAVE_UNISTD_H 1
| #define HAVE_DLFCN_H 1
| #define RETSIGTYPE void
| #define HAVE_NULL_FLUSH 1
| #define STDC_HEADERS 1
| #define HAVE_STRING_H 1
| #define HAVE_LIMITS_H 1
| #define HAVE_FLOAT_H 1
| #define HAVE_MALLOC_H 1
| #define HAVE_PTHREAD_H 1
| #define HAVE_STRINGS_H 1
| #define HAVE_UNISTD_H 1
| #define HAVE_VALUES_H 1
| #define HAVE_SYS_SELECT_H 1
| #define HAVE_SYS_TIME_H 1
| #define HAVE_SYS_TYPES_H 1
| #define HAVE_SYS_WAIT_H 1
| #define TIME_WITH_SYS_TIME 1
| #define HAVE_ALLOCA_H 1
| #define HAVE_ALLOCA 1
| #define PTHREAD_SUPPORT 1
| #define HAVE_CTIME_R 1
| #define HAVE_LOCALTIME_R 1
| #define HAVE_WAITPID 1
| /* end confdefs.h.  */
| 
| /* Override any GCC internal prototype to avoid an error.
|    Use char because int might match the return type of a GCC
|    builtin and then its argument prototype would still apply.  */
| #ifdef __cplusplus
| extern "C"
| #endif
| char matherr ();
| int
| main ()
| {
| return matherr ();
|   ;
|   return 0;
| }
configure:21098: result: no
configure:21117: checking for memcpy
configure:21173: gcc -o conftest -g -O2   conftest.c  -lm >&5
conftest.c:66:6: warning: conflicting types for built-in function 'memcpy' [enabled by default]
 char memcpy ();
      ^
configure:21179: $? = 0
configure:21197: result: yes
configure:21117: checking for memmove
configure:21173: gcc -o conftest -g -O2   conftest.c  -lm >&5
conftest.c:67:6: warning: conflicting types for built-in function 'memmove' [enabled by default]
 char memmove ();
      ^
configure:21179: $? = 0
configure:21197: result: yes
configure:21117: checking for strchr
configure:21173: gcc -o conftest -g -O2   conftest.c  -lm >&5
conftest.c:68:6: warning: conflicting types for built-in function 'strchr' [enabled by default]
 char strchr ();
      ^
configure:21179: $? = 0
configure:21197: result: yes
configure:21117: checking for strcasecmp
configure:21173: gcc -o conftest -g -O2   conftest.c  -lm >&5
conftest.c:69:6: warning: conflicting types for built-in function 'strcasecmp' [enabled by default]
 char strcasecmp ();
      ^
configure:21179: $? = 0
configure:21197: result: yes
configure:21117: checking for strerror
configure:21173: gcc -o conftest -g -O2   conftest.c  -lm >&5
configure:21179: $? = 0
configure:21197: result: yes
configure:21117: checking for matherr
configure:21173: gcc -o conftest -g -O2   conftest.c  -lm >&5
configure:21179: $? = 0
configure:21197: result: yes
configure:21117: checking for j0
configure:21173: gcc -o conftest -g -O2   conftest.c  -lm >&5
conftest.c:72:6: warning: conflicting types for built-in function 'j0' [enabled by default]
 char j0 ();
      ^
configure:21179: $? = 0
configure:21197: result: yes
configure:21117: checking for erf
configure:21173: gcc -o conftest -g -O2   conftest.c  -lm >&5
conftest.c:73:6: warning: conflicting types for built-in function 'erf' [enabled by default]
 char erf ();
      ^
configure:21179: $? = 0
configure:21197: result: yes
configure:21216: checking for lgamma
configure:21272: gcc -o conftest -g -O2   conftest.c  -lm >&5
conftest.c:74:6: warning: conflicting types for built-in function 'lgamma' [enabled by default]
 char lgamma ();
      ^
configure:21278: $? = 0
configure:21296: result: yes
configure:21216: checking for gamma
configure:21272: gcc -o conftest -g -O2   conftest.c  -lm >&5
conftest.c:75:6: warning: conflicting types for built-in function 'gamma' [enabled by default]
 char gamma ();
      ^
configure:21278: $? = 0
configure:21296: result: yes
configure:21318: checking for X
configure:21433: gcc -E  conftest.c
conftest.c:53:22: fatal error: X11/Xlib.h: No such file or directory
 #include <X11/Xlib.h>
                      ^
compilation terminated.
configure:21439: $? = 1
configure: failed program was:
| /* confdefs.h.  */
| #define PACKAGE_NAME "GNU plotutils"
| #define PACKAGE_TARNAME "plotutils"
| #define PACKAGE_VERSION "2.6"
| #define PACKAGE_STRING "GNU plotutils 2.6"
| #define PACKAGE_BUGREPORT "bug-plotutils@gnu.org"
| #define PACKAGE "plotutils"
| #define VERSION "2.6"
| #define STDC_HEADERS 1
| #define HAVE_SYS_TYPES_H 1
| #define HAVE_SYS_STAT_H 1
| #define HAVE_STDLIB_H 1
| #define HAVE_STRING_H 1
| #define HAVE_MEMORY_H 1
| #define HAVE_STRINGS_H 1
| #define HAVE_INTTYPES_H 1
| #define HAVE_STDINT_H 1
| #define HAVE_UNISTD_H 1
| #define HAVE_DLFCN_H 1
| #define RETSIGTYPE void
| #define HAVE_NULL_FLUSH 1
| #define STDC_HEADERS 1
| #define HAVE_STRING_H 1
| #define HAVE_LIMITS_H 1
| #define HAVE_FLOAT_H 1
| #define HAVE_MALLOC_H 1
| #define HAVE_PTHREAD_H 1
| #define HAVE_STRINGS_H 1
| #define HAVE_UNISTD_H 1
| #define HAVE_VALUES_H 1
| #define HAVE_SYS_SELECT_H 1
| #define HAVE_SYS_TIME_H 1
| #define HAVE_SYS_TYPES_H 1
| #define HAVE_SYS_WAIT_H 1
| #define TIME_WITH_SYS_TIME 1
| #define HAVE_ALLOCA_H 1
| #define HAVE_ALLOCA 1
| #define PTHREAD_SUPPORT 1
| #define HAVE_CTIME_R 1
| #define HAVE_LOCALTIME_R 1
| #define HAVE_WAITPID 1
| #define HAVE_MEMCPY 1
| #define HAVE_MEMMOVE 1
| #define HAVE_STRCHR 1
| #define HAVE_STRCASECMP 1
| #define HAVE_STRERROR 1
| #define HAVE_MATHERR 1
| #define HAVE_J0 1
| #define HAVE_ERF 1
| #define HAVE_LGAMMA 1
| #define HAVE_GAMMA 1
| /* end confdefs.h.  */
| #include <X11/Xlib.h>
configure:21488: gcc -o conftest -g -O2   conftest.c -lX11  -lm >&5
conftest.c:53:22: fatal error: X11/Xlib.h: No such file or directory
 #include <X11/Xlib.h>
                      ^
compilation terminated.
configure:21494: $? = 1
configure: failed program was:
| /* confdefs.h.  */
| #define PACKAGE_NAME "GNU plotutils"
| #define PACKAGE_TARNAME "plotutils"
| #define PACKAGE_VERSION "2.6"
| #define PACKAGE_STRING "GNU plotutils 2.6"
| #define PACKAGE_BUGREPORT "bug-plotutils@gnu.org"
| #define PACKAGE "plotutils"
| #define VERSION "2.6"
| #define STDC_HEADERS 1
| #define HAVE_SYS_TYPES_H 1
| #define HAVE_SYS_STAT_H 1
| #define HAVE_STDLIB_H 1
| #define HAVE_STRING_H 1
| #define HAVE_MEMORY_H 1
| #define HAVE_STRINGS_H 1
| #define HAVE_INTTYPES_H 1
| #define HAVE_STDINT_H 1
| #define HAVE_UNISTD_H 1
| #define HAVE_DLFCN_H 1
| #define RETSIGTYPE void
| #define HAVE_NULL_FLUSH 1
| #define STDC_HEADERS 1
| #define HAVE_STRING_H 1
| #define HAVE_LIMITS_H 1
| #define HAVE_FLOAT_H 1
| #define HAVE_MALLOC_H 1
| #define HAVE_PTHREAD_H 1
| #define HAVE_STRINGS_H 1
| #define HAVE_UNISTD_H 1
| #define HAVE_VALUES_H 1
| #define HAVE_SYS_SELECT_H 1
| #define HAVE_SYS_TIME_H 1
| #define HAVE_SYS_TYPES_H 1
| #define HAVE_SYS_WAIT_H 1
| #define TIME_WITH_SYS_TIME 1
| #define HAVE_ALLOCA_H 1
| #define HAVE_ALLOCA 1
| #define PTHREAD_SUPPORT 1
| #define HAVE_CTIME_R 1
| #define HAVE_LOCALTIME_R 1
| #define HAVE_WAITPID 1
| #define HAVE_MEMCPY 1
| #define HAVE_MEMMOVE 1
| #define HAVE_STRCHR 1
| #define HAVE_STRCASECMP 1
| #define HAVE_STRERROR 1
| #define HAVE_MATHERR 1
| #define HAVE_J0 1
| #define HAVE_ERF 1
| #define HAVE_LGAMMA 1
| #define HAVE_GAMMA 1
| /* end confdefs.h.  */
| #include <X11/Xlib.h>
| int
| main ()
| {
| XrmInitialize ()
|   ;
|   return 0;
| }
configure:21542: result: no
configure:22647: checking for XtToolkitThreadInitialize in -lXt
configure:22682: gcc -o conftest -g -O2    conftest.c -lXt  -lXext -lX11   -lm >&5
/usr/bin/ld: cannot find -lXt
/usr/bin/ld: cannot find -lXext
/usr/bin/ld: cannot find -lX11
collect2: error: ld returned 1 exit status
configure:22688: $? = 1
configure: failed program was:
| /* confdefs.h.  */
| #define PACKAGE_NAME "GNU plotutils"
| #define PACKAGE_TARNAME "plotutils"
| #define PACKAGE_VERSION "2.6"
| #define PACKAGE_STRING "GNU plotutils 2.6"
| #define PACKAGE_BUGREPORT "bug-plotutils@gnu.org"
| #define PACKAGE "plotutils"
| #define VERSION "2.6"
| #define STDC_HEADERS 1
| #define HAVE_SYS_TYPES_H 1
| #define HAVE_SYS_STAT_H 1
| #define HAVE_STDLIB_H 1
| #define HAVE_STRING_H 1
| #define HAVE_MEMORY_H 1
| #define HAVE_STRINGS_H 1
| #define HAVE_INTTYPES_H 1
| #define HAVE_STDINT_H 1
| #define HAVE_UNISTD_H 1
| #define HAVE_DLFCN_H 1
| #define RETSIGTYPE void
| #define HAVE_NULL_FLUSH 1
| #define STDC_HEADERS 1
| #define HAVE_STRING_H 1
| #define HAVE_LIMITS_H 1
| #define HAVE_FLOAT_H 1
| #define HAVE_MALLOC_H 1
| #define HAVE_PTHREAD_H 1
| #define HAVE_STRINGS_H 1
| #define HAVE_UNISTD_H 1
| #define HAVE_VALUES_H 1
| #define HAVE_SYS_SELECT_H 1
| #define HAVE_SYS_TIME_H 1
| #define HAVE_SYS_TYPES_H 1
| #define HAVE_SYS_WAIT_H 1
| #define TIME_WITH_SYS_TIME 1
| #define HAVE_ALLOCA_H 1
| #define HAVE_ALLOCA 1
| #define PTHREAD_SUPPORT 1
| #define HAVE_CTIME_R 1
| #define HAVE_LOCALTIME_R 1
| #define HAVE_WAITPID 1
| #define HAVE_MEMCPY 1
| #define HAVE_MEMMOVE 1
| #define HAVE_STRCHR 1
| #define HAVE_STRCASECMP 1
| #define HAVE_STRERROR 1
| #define HAVE_MATHERR 1
| #define HAVE_J0 1
| #define HAVE_ERF 1
| #define HAVE_LGAMMA 1
| #define HAVE_GAMMA 1
| #define X_DISPLAY_MISSING 1
| /* end confdefs.h.  */
| 
| /* Override any GCC internal prototype to avoid an error.
|    Use char because int might match the return type of a GCC
|    builtin and then its argument prototype would still apply.  */
| #ifdef __cplusplus
| extern "C"
| #endif
| char XtToolkitThreadInitialize ();
| int
| main ()
| {
| return XtToolkitThreadInitialize ();
|   ;
|   return 0;
| }
configure:22706: result: no
configure:22722: checking for XdbeQueryExtension in -lXext
configure:22757: gcc -o conftest -g -O2    conftest.c -lXext -lX11   -lm >&5
/usr/bin/ld: cannot find -lXext
/usr/bin/ld: cannot find -lX11
collect2: error: ld returned 1 exit status
configure:22763: $? = 1
configure: failed program was:
| /* confdefs.h.  */
| #define PACKAGE_NAME "GNU plotutils"
| #define PACKAGE_TARNAME "plotutils"
| #define PACKAGE_VERSION "2.6"
| #define PACKAGE_STRING "GNU plotutils 2.6"
| #define PACKAGE_BUGREPORT "bug-plotutils@gnu.org"
| #define PACKAGE "plotutils"
| #define VERSION "2.6"
| #define STDC_HEADERS 1
| #define HAVE_SYS_TYPES_H 1
| #define HAVE_SYS_STAT_H 1
| #define HAVE_STDLIB_H 1
| #define HAVE_STRING_H 1
| #define HAVE_MEMORY_H 1
| #define HAVE_STRINGS_H 1
| #define HAVE_INTTYPES_H 1
| #define HAVE_STDINT_H 1
| #define HAVE_UNISTD_H 1
| #define HAVE_DLFCN_H 1
| #define RETSIGTYPE void
| #define HAVE_NULL_FLUSH 1
| #define STDC_HEADERS 1
| #define HAVE_STRING_H 1
| #define HAVE_LIMITS_H 1
| #define HAVE_FLOAT_H 1
| #define HAVE_MALLOC_H 1
| #define HAVE_PTHREAD_H 1
| #define HAVE_STRINGS_H 1
| #define HAVE_UNISTD_H 1
| #define HAVE_VALUES_H 1
| #define HAVE_SYS_SELECT_H 1
| #define HAVE_SYS_TIME_H 1
| #define HAVE_SYS_TYPES_H 1
| #define HAVE_SYS_WAIT_H 1
| #define TIME_WITH_SYS_TIME 1
| #define HAVE_ALLOCA_H 1
| #define HAVE_ALLOCA 1
| #define PTHREAD_SUPPORT 1
| #define HAVE_CTIME_R 1
| #define HAVE_LOCALTIME_R 1
| #define HAVE_WAITPID 1
| #define HAVE_MEMCPY 1
| #define HAVE_MEMMOVE 1
| #define HAVE_STRCHR 1
| #define HAVE_STRCASECMP 1
| #define HAVE_STRERROR 1
| #define HAVE_MATHERR 1
| #define HAVE_J0 1
| #define HAVE_ERF 1
| #define HAVE_LGAMMA 1
| #define HAVE_GAMMA 1
| #define X_DISPLAY_MISSING 1
| /* end confdefs.h.  */
| 
| /* Override any GCC internal prototype to avoid an error.
|    Use char because int might match the return type of a GCC
|    builtin and then its argument prototype would still apply.  */
| #ifdef __cplusplus
| extern "C"
| #endif
| char XdbeQueryExtension ();
| int
| main ()
| {
| return XdbeQueryExtension ();
|   ;
|   return 0;
| }
configure:22781: result: no
configure:22790: checking for XmbufQueryExtension in -lXext
configure:22825: gcc -o conftest -g -O2    conftest.c -lXext -lX11   -lm >&5
/usr/bin/ld: cannot find -lXext
/usr/bin/ld: cannot find -lX11
collect2: error: ld returned 1 exit status
configure:22831: $? = 1
configure: failed program was:
| /* confdefs.h.  */
| #define PACKAGE_NAME "GNU plotutils"
| #define PACKAGE_TARNAME "plotutils"
| #define PACKAGE_VERSION "2.6"
| #define PACKAGE_STRING "GNU plotutils 2.6"
| #define PACKAGE_BUGREPORT "bug-plotutils@gnu.org"
| #define PACKAGE "plotutils"
| #define VERSION "2.6"
| #define STDC_HEADERS 1
| #define HAVE_SYS_TYPES_H 1
| #define HAVE_SYS_STAT_H 1
| #define HAVE_STDLIB_H 1
| #define HAVE_STRING_H 1
| #define HAVE_MEMORY_H 1
| #define HAVE_STRINGS_H 1
| #define HAVE_INTTYPES_H 1
| #define HAVE_STDINT_H 1
| #define HAVE_UNISTD_H 1
| #define HAVE_DLFCN_H 1
| #define RETSIGTYPE void
| #define HAVE_NULL_FLUSH 1
| #define STDC_HEADERS 1
| #define HAVE_STRING_H 1
| #define HAVE_LIMITS_H 1
| #define HAVE_FLOAT_H 1
| #define HAVE_MALLOC_H 1
| #define HAVE_PTHREAD_H 1
| #define HAVE_STRINGS_H 1
| #define HAVE_UNISTD_H 1
| #define HAVE_VALUES_H 1
| #define HAVE_SYS_SELECT_H 1
| #define HAVE_SYS_TIME_H 1
| #define HAVE_SYS_TYPES_H 1
| #define HAVE_SYS_WAIT_H 1
| #define TIME_WITH_SYS_TIME 1
| #define HAVE_ALLOCA_H 1
| #define HAVE_ALLOCA 1
| #define PTHREAD_SUPPORT 1
| #define HAVE_CTIME_R 1
| #define HAVE_LOCALTIME_R 1
| #define HAVE_WAITPID 1
| #define HAVE_MEMCPY 1
| #define HAVE_MEMMOVE 1
| #define HAVE_STRCHR 1
| #define HAVE_STRCASECMP 1
| #define HAVE_STRERROR 1
| #define HAVE_MATHERR 1
| #define HAVE_J0 1
| #define HAVE_ERF 1
| #define HAVE_LGAMMA 1
| #define HAVE_GAMMA 1
| #define X_DISPLAY_MISSING 1
| /* end confdefs.h.  */
| 
| /* Override any GCC internal prototype to avoid an error.
|    Use char because int might match the return type of a GCC
|    builtin and then its argument prototype would still apply.  */
| #ifdef __cplusplus
| extern "C"
| #endif
| char XmbufQueryExtension ();
| int
| main ()
| {
| return XmbufQueryExtension ();
|   ;
|   return 0;
| }
configure:22849: result: no
configure:22878: checking X11/Xlib.h usability
configure:22895: gcc -c -g -O2   conftest.c >&5
conftest.c:87:22: fatal error: X11/Xlib.h: No such file or directory
 #include <X11/Xlib.h>
                      ^
compilation terminated.
configure:22901: $? = 1
configure: failed program was:
| /* confdefs.h.  */
| #define PACKAGE_NAME "GNU plotutils"
| #define PACKAGE_TARNAME "plotutils"
| #define PACKAGE_VERSION "2.6"
| #define PACKAGE_STRING "GNU plotutils 2.6"
| #define PACKAGE_BUGREPORT "bug-plotutils@gnu.org"
| #define PACKAGE "plotutils"
| #define VERSION "2.6"
| #define STDC_HEADERS 1
| #define HAVE_SYS_TYPES_H 1
| #define HAVE_SYS_STAT_H 1
| #define HAVE_STDLIB_H 1
| #define HAVE_STRING_H 1
| #define HAVE_MEMORY_H 1
| #define HAVE_STRINGS_H 1
| #define HAVE_INTTYPES_H 1
| #define HAVE_STDINT_H 1
| #define HAVE_UNISTD_H 1
| #define HAVE_DLFCN_H 1
| #define RETSIGTYPE void
| #define HAVE_NULL_FLUSH 1
| #define STDC_HEADERS 1
| #define HAVE_STRING_H 1
| #define HAVE_LIMITS_H 1
| #define HAVE_FLOAT_H 1
| #define HAVE_MALLOC_H 1
| #define HAVE_PTHREAD_H 1
| #define HAVE_STRINGS_H 1
| #define HAVE_UNISTD_H 1
| #define HAVE_VALUES_H 1
| #define HAVE_SYS_SELECT_H 1
| #define HAVE_SYS_TIME_H 1
| #define HAVE_SYS_TYPES_H 1
| #define HAVE_SYS_WAIT_H 1
| #define TIME_WITH_SYS_TIME 1
| #define HAVE_ALLOCA_H 1
| #define HAVE_ALLOCA 1
| #define PTHREAD_SUPPORT 1
| #define HAVE_CTIME_R 1
| #define HAVE_LOCALTIME_R 1
| #define HAVE_WAITPID 1
| #define HAVE_MEMCPY 1
| #define HAVE_MEMMOVE 1
| #define HAVE_STRCHR 1
| #define HAVE_STRCASECMP 1
| #define HAVE_STRERROR 1
| #define HAVE_MATHERR 1
| #define HAVE_J0 1
| #define HAVE_ERF 1
| #define HAVE_LGAMMA 1
| #define HAVE_GAMMA 1
| #define X_DISPLAY_MISSING 1
| /* end confdefs.h.  */
| #include <stdio.h>
| #ifdef HAVE_SYS_TYPES_H
| # include <sys/types.h>
| #endif
| #ifdef HAVE_SYS_STAT_H
| # include <sys/stat.h>
| #endif
| #ifdef STDC_HEADERS
| # include <stdlib.h>
| # include <stddef.h>
| #else
| # ifdef HAVE_STDLIB_H
| #  include <stdlib.h>
| # endif
| #endif
| #ifdef HAVE_STRING_H
| # if !defined STDC_HEADERS && defined HAVE_MEMORY_H
| #  include <memory.h>
| # endif
| # include <string.h>
| #endif
| #ifdef HAVE_STRINGS_H
| # include <strings.h>
| #endif
| #ifdef HAVE_INTTYPES_H
| # include <inttypes.h>
| #endif
| #ifdef HAVE_STDINT_H
| # include <stdint.h>
| #endif
| #ifdef HAVE_UNISTD_H
| # include <unistd.h>
| #endif
| #include <X11/Xlib.h>
configure:22915: result: no
configure:22919: checking X11/Xlib.h presence
configure:22934: gcc -E   conftest.c
conftest.c:54:22: fatal error: X11/Xlib.h: No such file or directory
 #include <X11/Xlib.h>
                      ^
compilation terminated.
configure:22940: $? = 1
configure: failed program was:
| /* confdefs.h.  */
| #define PACKAGE_NAME "GNU plotutils"
| #define PACKAGE_TARNAME "plotutils"
| #define PACKAGE_VERSION "2.6"
| #define PACKAGE_STRING "GNU plotutils 2.6"
| #define PACKAGE_BUGREPORT "bug-plotutils@gnu.org"
| #define PACKAGE "plotutils"
| #define VERSION "2.6"
| #define STDC_HEADERS 1
| #define HAVE_SYS_TYPES_H 1
| #define HAVE_SYS_STAT_H 1
| #define HAVE_STDLIB_H 1
| #define HAVE_STRING_H 1
| #define HAVE_MEMORY_H 1
| #define HAVE_STRINGS_H 1
| #define HAVE_INTTYPES_H 1
| #define HAVE_STDINT_H 1
| #define HAVE_UNISTD_H 1
| #define HAVE_DLFCN_H 1
| #define RETSIGTYPE void
| #define HAVE_NULL_FLUSH 1
| #define STDC_HEADERS 1
| #define HAVE_STRING_H 1
| #define HAVE_LIMITS_H 1
| #define HAVE_FLOAT_H 1
| #define HAVE_MALLOC_H 1
| #define HAVE_PTHREAD_H 1
| #define HAVE_STRINGS_H 1
| #define HAVE_UNISTD_H 1
| #define HAVE_VALUES_H 1
| #define HAVE_SYS_SELECT_H 1
| #define HAVE_SYS_TIME_H 1
| #define HAVE_SYS_TYPES_H 1
| #define HAVE_SYS_WAIT_H 1
| #define TIME_WITH_SYS_TIME 1
| #define HAVE_ALLOCA_H 1
| #define HAVE_ALLOCA 1
| #define PTHREAD_SUPPORT 1
| #define HAVE_CTIME_R 1
| #define HAVE_LOCALTIME_R 1
| #define HAVE_WAITPID 1
| #define HAVE_MEMCPY 1
| #define HAVE_MEMMOVE 1
| #define HAVE_STRCHR 1
| #define HAVE_STRCASECMP 1
| #define HAVE_STRERROR 1
| #define HAVE_MATHERR 1
| #define HAVE_J0 1
| #define HAVE_ERF 1
| #define HAVE_LGAMMA 1
| #define HAVE_GAMMA 1
| #define X_DISPLAY_MISSING 1
| /* end confdefs.h.  */
| #include <X11/Xlib.h>
configure:22954: result: no
configure:22987: checking for X11/Xlib.h
configure:22995: result: no
configure:23012: checking for X11/extensions/Xdbe.h
configure:23036: gcc -c -g -O2   conftest.c >&5
conftest.c:59:33: fatal error: X11/extensions/Xdbe.h: No such file or directory
 #include <X11/extensions/Xdbe.h>
                                 ^
compilation terminated.
configure:23042: $? = 1
configure: failed program was:
| /* confdefs.h.  */
| #define PACKAGE_NAME "GNU plotutils"
| #define PACKAGE_TARNAME "plotutils"
| #define PACKAGE_VERSION "2.6"
| #define PACKAGE_STRING "GNU plotutils 2.6"
| #define PACKAGE_BUGREPORT "bug-plotutils@gnu.org"
| #define PACKAGE "plotutils"
| #define VERSION "2.6"
| #define STDC_HEADERS 1
| #define HAVE_SYS_TYPES_H 1
| #define HAVE_SYS_STAT_H 1
| #define HAVE_STDLIB_H 1
| #define HAVE_STRING_H 1
| #define HAVE_MEMORY_H 1
| #define HAVE_STRINGS_H 1
| #define HAVE_INTTYPES_H 1
| #define HAVE_STDINT_H 1
| #define HAVE_UNISTD_H 1
| #define HAVE_DLFCN_H 1
| #define RETSIGTYPE void
| #define HAVE_NULL_FLUSH 1
| #define STDC_HEADERS 1
| #define HAVE_STRING_H 1
| #define HAVE_LIMITS_H 1
| #define HAVE_FLOAT_H 1
| #define HAVE_MALLOC_H 1
| #define HAVE_PTHREAD_H 1
| #define HAVE_STRINGS_H 1
| #define HAVE_UNISTD_H 1
| #define HAVE_VALUES_H 1
| #define HAVE_SYS_SELECT_H 1
| #define HAVE_SYS_TIME_H 1
| #define HAVE_SYS_TYPES_H 1
| #define HAVE_SYS_WAIT_H 1
| #define TIME_WITH_SYS_TIME 1
| #define HAVE_ALLOCA_H 1
| #define HAVE_ALLOCA 1
| #define PTHREAD_SUPPORT 1
| #define HAVE_CTIME_R 1
| #define HAVE_LOCALTIME_R 1
| #define HAVE_WAITPID 1
| #define HAVE_MEMCPY 1
| #define HAVE_MEMMOVE 1
| #define HAVE_STRCHR 1
| #define HAVE_STRCASECMP 1
| #define HAVE_STRERROR 1
| #define HAVE_MATHERR 1
| #define HAVE_J0 1
| #define HAVE_ERF 1
| #define HAVE_LGAMMA 1
| #define HAVE_GAMMA 1
| #define X_DISPLAY_MISSING 1
| /* end confdefs.h.  */
| #if HAVE_X11_XLIB_H
| # include <X11/Xlib.h>
| # endif
| 
| 
| #include <X11/extensions/Xdbe.h>
configure:23058: result: no
configure:23073: checking for X11/extensions/multibuf.h
configure:23097: gcc -c -g -O2   conftest.c >&5
conftest.c:59:37: fatal error: X11/extensions/multibuf.h: No such file or directory
 #include <X11/extensions/multibuf.h>
                                     ^
compilation terminated.
configure:23103: $? = 1
configure: failed program was:
| /* confdefs.h.  */
| #define PACKAGE_NAME "GNU plotutils"
| #define PACKAGE_TARNAME "plotutils"
| #define PACKAGE_VERSION "2.6"
| #define PACKAGE_STRING "GNU plotutils 2.6"
| #define PACKAGE_BUGREPORT "bug-plotutils@gnu.org"
| #define PACKAGE "plotutils"
| #define VERSION "2.6"
| #define STDC_HEADERS 1
| #define HAVE_SYS_TYPES_H 1
| #define HAVE_SYS_STAT_H 1
| #define HAVE_STDLIB_H 1
| #define HAVE_STRING_H 1
| #define HAVE_MEMORY_H 1
| #define HAVE_STRINGS_H 1
| #define HAVE_INTTYPES_H 1
| #define HAVE_STDINT_H 1
| #define HAVE_UNISTD_H 1
| #define HAVE_DLFCN_H 1
| #define RETSIGTYPE void
| #define HAVE_NULL_FLUSH 1
| #define STDC_HEADERS 1
| #define HAVE_STRING_H 1
| #define HAVE_LIMITS_H 1
| #define HAVE_FLOAT_H 1
| #define HAVE_MALLOC_H 1
| #define HAVE_PTHREAD_H 1
| #define HAVE_STRINGS_H 1
| #define HAVE_UNISTD_H 1
| #define HAVE_VALUES_H 1
| #define HAVE_SYS_SELECT_H 1
| #define HAVE_SYS_TIME_H 1
| #define HAVE_SYS_TYPES_H 1
| #define HAVE_SYS_WAIT_H 1
| #define TIME_WITH_SYS_TIME 1
| #define HAVE_ALLOCA_H 1
| #define HAVE_ALLOCA 1
| #define PTHREAD_SUPPORT 1
| #define HAVE_CTIME_R 1
| #define HAVE_LOCALTIME_R 1
| #define HAVE_WAITPID 1
| #define HAVE_MEMCPY 1
| #define HAVE_MEMMOVE 1
| #define HAVE_STRCHR 1
| #define HAVE_STRCASECMP 1
| #define HAVE_STRERROR 1
| #define HAVE_MATHERR 1
| #define HAVE_J0 1
| #define HAVE_ERF 1
| #define HAVE_LGAMMA 1
| #define HAVE_GAMMA 1
| #define X_DISPLAY_MISSING 1
| /* end confdefs.h.  */
| #if HAVE_X11_XLIB_H
| # include <X11/Xlib.h>
| # endif
| 
| 
| #include <X11/extensions/multibuf.h>
configure:23119: result: no
configure:23669: checking png.h usability
configure:23686: gcc -c -g -O2  conftest.c >&5
conftest.c:87:17: fatal error: png.h: No such file or directory
 #include <png.h>
                 ^
compilation terminated.
configure:23692: $? = 1
configure: failed program was:
| /* confdefs.h.  */
| #define PACKAGE_NAME "GNU plotutils"
| #define PACKAGE_TARNAME "plotutils"
| #define PACKAGE_VERSION "2.6"
| #define PACKAGE_STRING "GNU plotutils 2.6"
| #define PACKAGE_BUGREPORT "bug-plotutils@gnu.org"
| #define PACKAGE "plotutils"
| #define VERSION "2.6"
| #define STDC_HEADERS 1
| #define HAVE_SYS_TYPES_H 1
| #define HAVE_SYS_STAT_H 1
| #define HAVE_STDLIB_H 1
| #define HAVE_STRING_H 1
| #define HAVE_MEMORY_H 1
| #define HAVE_STRINGS_H 1
| #define HAVE_INTTYPES_H 1
| #define HAVE_STDINT_H 1
| #define HAVE_UNISTD_H 1
| #define HAVE_DLFCN_H 1
| #define RETSIGTYPE void
| #define HAVE_NULL_FLUSH 1
| #define STDC_HEADERS 1
| #define HAVE_STRING_H 1
| #define HAVE_LIMITS_H 1
| #define HAVE_FLOAT_H 1
| #define HAVE_MALLOC_H 1
| #define HAVE_PTHREAD_H 1
| #define HAVE_STRINGS_H 1
| #define HAVE_UNISTD_H 1
| #define HAVE_VALUES_H 1
| #define HAVE_SYS_SELECT_H 1
| #define HAVE_SYS_TIME_H 1
| #define HAVE_SYS_TYPES_H 1
| #define HAVE_SYS_WAIT_H 1
| #define TIME_WITH_SYS_TIME 1
| #define HAVE_ALLOCA_H 1
| #define HAVE_ALLOCA 1
| #define PTHREAD_SUPPORT 1
| #define HAVE_CTIME_R 1
| #define HAVE_LOCALTIME_R 1
| #define HAVE_WAITPID 1
| #define HAVE_MEMCPY 1
| #define HAVE_MEMMOVE 1
| #define HAVE_STRCHR 1
| #define HAVE_STRCASECMP 1
| #define HAVE_STRERROR 1
| #define HAVE_MATHERR 1
| #define HAVE_J0 1
| #define HAVE_ERF 1
| #define HAVE_LGAMMA 1
| #define HAVE_GAMMA 1
| #define X_DISPLAY_MISSING 1
| /* end confdefs.h.  */
| #include <stdio.h>
| #ifdef HAVE_SYS_TYPES_H
| # include <sys/types.h>
| #endif
| #ifdef HAVE_SYS_STAT_H
| # include <sys/stat.h>
| #endif
| #ifdef STDC_HEADERS
| # include <stdlib.h>
| # include <stddef.h>
| #else
| # ifdef HAVE_STDLIB_H
| #  include <stdlib.h>
| # endif
| #endif
| #ifdef HAVE_STRING_H
| # if !defined STDC_HEADERS && defined HAVE_MEMORY_H
| #  include <memory.h>
| # endif
| # include <string.h>
| #endif
| #ifdef HAVE_STRINGS_H
| # include <strings.h>
| #endif
| #ifdef HAVE_INTTYPES_H
| # include <inttypes.h>
| #endif
| #ifdef HAVE_STDINT_H
| # include <stdint.h>
| #endif
| #ifdef HAVE_UNISTD_H
| # include <unistd.h>
| #endif
| #include <png.h>
configure:23706: result: no
configure:23710: checking png.h presence
configure:23725: gcc -E  conftest.c
conftest.c:54:17: fatal error: png.h: No such file or directory
 #include <png.h>
                 ^
compilation terminated.
configure:23731: $? = 1
configure: failed program was:
| /* confdefs.h.  */
| #define PACKAGE_NAME "GNU plotutils"
| #define PACKAGE_TARNAME "plotutils"
| #define PACKAGE_VERSION "2.6"
| #define PACKAGE_STRING "GNU plotutils 2.6"
| #define PACKAGE_BUGREPORT "bug-plotutils@gnu.org"
| #define PACKAGE "plotutils"
| #define VERSION "2.6"
| #define STDC_HEADERS 1
| #define HAVE_SYS_TYPES_H 1
| #define HAVE_SYS_STAT_H 1
| #define HAVE_STDLIB_H 1
| #define HAVE_STRING_H 1
| #define HAVE_MEMORY_H 1
| #define HAVE_STRINGS_H 1
| #define HAVE_INTTYPES_H 1
| #define HAVE_STDINT_H 1
| #define HAVE_UNISTD_H 1
| #define HAVE_DLFCN_H 1
| #define RETSIGTYPE void
| #define HAVE_NULL_FLUSH 1
| #define STDC_HEADERS 1
| #define HAVE_STRING_H 1
| #define HAVE_LIMITS_H 1
| #define HAVE_FLOAT_H 1
| #define HAVE_MALLOC_H 1
| #define HAVE_PTHREAD_H 1
| #define HAVE_STRINGS_H 1
| #define HAVE_UNISTD_H 1
| #define HAVE_VALUES_H 1
| #define HAVE_SYS_SELECT_H 1
| #define HAVE_SYS_TIME_H 1
| #define HAVE_SYS_TYPES_H 1
| #define HAVE_SYS_WAIT_H 1
| #define TIME_WITH_SYS_TIME 1
| #define HAVE_ALLOCA_H 1
| #define HAVE_ALLOCA 1
| #define PTHREAD_SUPPORT 1
| #define HAVE_CTIME_R 1
| #define HAVE_LOCALTIME_R 1
| #define HAVE_WAITPID 1
| #define HAVE_MEMCPY 1
| #define HAVE_MEMMOVE 1
| #define HAVE_STRCHR 1
| #define HAVE_STRCASECMP 1
| #define HAVE_STRERROR 1
| #define HAVE_MATHERR 1
| #define HAVE_J0 1
| #define HAVE_ERF 1
| #define HAVE_LGAMMA 1
| #define HAVE_GAMMA 1
| #define X_DISPLAY_MISSING 1
| /* end confdefs.h.  */
| #include <png.h>
configure:23745: result: no
configure:23778: checking for png.h
configure:23786: result: no
configure:23801: checking for png_set_tRNS in -lpng
configure:23836: gcc -o conftest -g -O2   conftest.c -lpng -lz -lm  -lm >&5
/usr/bin/ld: cannot find -lpng
collect2: error: ld returned 1 exit status
configure:23842: $? = 1
configure: failed program was:
| /* confdefs.h.  */
| #define PACKAGE_NAME "GNU plotutils"
| #define PACKAGE_TARNAME "plotutils"
| #define PACKAGE_VERSION "2.6"
| #define PACKAGE_STRING "GNU plotutils 2.6"
| #define PACKAGE_BUGREPORT "bug-plotutils@gnu.org"
| #define PACKAGE "plotutils"
| #define VERSION "2.6"
| #define STDC_HEADERS 1
| #define HAVE_SYS_TYPES_H 1
| #define HAVE_SYS_STAT_H 1
| #define HAVE_STDLIB_H 1
| #define HAVE_STRING_H 1
| #define HAVE_MEMORY_H 1
| #define HAVE_STRINGS_H 1
| #define HAVE_INTTYPES_H 1
| #define HAVE_STDINT_H 1
| #define HAVE_UNISTD_H 1
| #define HAVE_DLFCN_H 1
| #define RETSIGTYPE void
| #define HAVE_NULL_FLUSH 1
| #define STDC_HEADERS 1
| #define HAVE_STRING_H 1
| #define HAVE_LIMITS_H 1
| #define HAVE_FLOAT_H 1
| #define HAVE_MALLOC_H 1
| #define HAVE_PTHREAD_H 1
| #define HAVE_STRINGS_H 1
| #define HAVE_UNISTD_H 1
| #define HAVE_VALUES_H 1
| #define HAVE_SYS_SELECT_H 1
| #define HAVE_SYS_TIME_H 1
| #define HAVE_SYS_TYPES_H 1
| #define HAVE_SYS_WAIT_H 1
| #define TIME_WITH_SYS_TIME 1
| #define HAVE_ALLOCA_H 1
| #define HAVE_ALL                                                                                                                                                                                                                                                                                                                                                                                                                                                                                                                                                                                                                                                                                                                                                                                                                                                                                                                                                                                                                                                                                                                                                                                                                                                                                                                                                                                                                                                                                                                                                                                                                                                                                                                                                                                                                                                                                                                                                                                                                                                                                                                                                                                                                                                                                                                                                                                                                                                                                                                                                                                                                                                                                                                                                                                                                                                                                                                                                                                                                                                                  
## ---------------- ##
## Cache variables. ##
## ---------------- ##

ac_cv_build=x86_64-unknown-linux-gnu
ac_cv_c_compiler_gnu=yes
ac_cv_c_const=yes
ac_cv_c_gcc_strength_bug=no
ac_cv_cxx_compiler_gnu=yes
ac_cv_env_CCC_set=
ac_cv_env_CCC_value=
ac_cv_env_CC_set=
ac_cv_env_CC_value=
ac_cv_env_CFLAGS_set=
ac_cv_env_CFLAGS_value=
ac_cv_env_CPPFLAGS_set=
ac_cv_env_CPPFLAGS_value=
ac_cv_env_CPP_set=
ac_cv_env_CPP_value=
ac_cv_env_CXXCPP_set=
ac_cv_env_CXXCPP_value=
ac_cv_env_CXXFLAGS_set=
ac_cv_env_CXXFLAGS_value=
ac_cv_env_CXX_set=
ac_cv_env_CXX_value=
ac_cv_env_F77_set=
ac_cv_env_F77_value=
ac_cv_env_FFLAGS_set=
ac_cv_env_FFLAGS_value=
ac_cv_env_LDFLAGS_set=
ac_cv_env_LDFLAGS_value=
ac_cv_env_LIBS_set=
ac_cv_env_LIBS_value=
ac_cv_env_XMKMF_set=
ac_cv_env_XMKMF_value=
ac_cv_env_YACC_set=
ac_cv_env_YACC_value=
ac_cv_env_YFLAGS_set=
ac_cv_env_YFLAGS_value=
ac_cv_env_build_alias_set=
ac_cv_env_build_alias_value=
ac_cv_env_host_alias_set=
ac_cv_env_host_alias_value=
ac_cv_env_target_alias_set=
ac_cv_env_target_alias_value=
ac_cv_f77_compiler_gnu=no
ac_cv_func_alloca_works=yes
ac_cv_func_ctime_r=yes
ac_cv_func_erf=yes
ac_cv_func_gamma=yes
ac_cv_func_j0=yes
ac_cv_func_lgamma=yes
ac_cv_func_localtime_r=yes
ac_cv_func_matherr=yes
ac_cv_func_memcpy=yes
ac_cv_func_memmove=yes
ac_cv_func_strcasecmp=yes
ac_cv_func_strchr=yes
ac_cv_func_strerror=yes
ac_cv_func_waitpid=yes
ac_cv_have_x=have_x=no
ac_cv_header_X11_Xlib_h=no
ac_cv_header_X11_extensions_Xdbe_h=no
ac_cv_header_X11_extensions_multibuf_h=no
ac_cv_header_dlfcn_h=yes
ac_cv_header_float_h=yes
ac_cv_header_inttypes_h=yes
ac_cv_header_limits_h=yes
ac_cv_header_malloc_h=yes
ac_cv_header_memory_h=yes
ac_cv_header_png_h=no
ac_cv_header_pthread_h=yes
ac_cv_header_stdc=yes
ac_cv_header_stdint_h=yes
ac_cv_header_stdlib_h=yes
ac_cv_header_string_h=yes
ac_cv_header_strings_h=yes
ac_cv_header_sys_select_h=yes
ac_cv_header_sys_stat_h=yes
ac_cv_header_sys_stdtypes_h=no
ac_cv_header_sys_time_h=yes
ac_cv_header_sys_types_h=yes
ac_cv_header_sys_wait_h=yes
ac_cv_header_time=yes
ac_cv_header_unistd_h=yes
ac_cv_header_values_h=yes
ac_cv_host=x86_64-unknown-linux-gnu
ac_cv_lib_Xext_XdbeQueryExtension=no
ac_cv_lib_Xext_XmbufQueryExtension=no
ac_cv_lib_Xt_XtToolkitThreadInitialize=no
ac_cv_lib_c_pthread_mutex_init=yes
ac_cv_lib_mx_matherr=no
ac_cv_lib_png_png_set_tRNS=no
ac_cv_objext=o
ac_cv_path_EGREP='/bin/grep -E'
ac_cv_path_GREP=/bin/grep
ac_cv_path_install='/usr/bin/install -c'
ac_cv_path_mkdir=/bin/mkdir
ac_cv_prog_AWK=gawk
ac_cv_prog_CPP='gcc -E'
ac_cv_prog_CXXCPP='g++ -E'
ac_cv_prog_ac_ct_AR=ar
ac_cv_prog_ac_ct_CC=gcc
ac_cv_prog_ac_ct_CXX=g++
ac_cv_prog_ac_ct_RANLIB=ranlib
ac_cv_prog_ac_ct_STRIP=strip
ac_cv_prog_cc_c89=
ac_cv_prog_cc_g=yes
ac_cv_prog_cxx_g=yes
ac_cv_prog_f77_g=no
ac_cv_prog_make_make_set=yes
ac_cv_type_pid_t=yes
ac_cv_type_signal=void
ac_cv_type_size_t=yes
ac_cv_working_alloca_h=yes
am_cv_CC_dependencies_compiler_type=gcc3
am_cv_CXX_dependencies_compiler_type=gcc3
lt_cv_deplibs_check_method=pass_all
lt_cv_file_magic_cmd='$MAGIC_CMD'
lt_cv_file_magic_test_file=
lt_cv_ld_reload_flag=-r
lt_cv_objdir=.libs
lt_cv_path_LD=/usr/bin/ld
lt_cv_path_LDCXX='/usr/bin/ld -m elf_x86_64'
lt_cv_path_NM='/usr/bin/nm -B'
lt_cv_path_SED=/bin/sed
lt_cv_prog_compiler_c_o=yes
lt_cv_prog_compiler_c_o_CXX=yes
lt_cv_prog_compiler_rtti_exceptions=no
lt_cv_prog_gnu_ld=yes
lt_cv_prog_gnu_ldcxx=yes
lt_cv_sys_global_symbol_pipe='sed -n -e '\''s/^.*[ 	]\([ABCDGIRSTW][ABCDGIRSTW]*\)[ 	][ 	]*\([_A-Za-z][_A-Za-z0-9]*\)$/\1 \2 \2/p'\'''
lt_cv_sys_global_symbol_to_c_name_address='sed -n -e '\''s/^: \([^ ]*\) $/  {\"\1\", (lt_ptr) 0},/p'\'' -e '\''s/^[BCDEGRST] \([^ ]*\) \([^ ]*\)$/  {"\2", (lt_ptr) \&\2},/p'\'''
lt_cv_sys_global_symbol_to_cdecl='sed -n -e '\''s/^. .* \(.*\)$/extern int \1;/p'\'''
lt_cv_sys_max_cmd_len=32768
lt_lt_cv_prog_compiler_c_o='"yes"'
lt_lt_cv_prog_compiler_c_o_CXX='"yes"'
lt_lt_cv_sys_global_symbol_pipe='"sed -n -e '\''s/^.*[ 	]\\([ABCDGIRSTW][ABCDGIRSTW]*\\)[ 	][ 	]*\\([_A-Za-z][_A-Za-z0-9]*\\)\$/\\1 \\2 \\2/p'\''"'
lt_lt_cv_sys_global_symbol_to_c_name_address='"sed -n -e '\''s/^: \\([^ ]*\\) \$/  {\\\"\\1\\\", (lt_ptr) 0},/p'\'' -e '\''s/^[BCDEGRST] \\([^ ]*\\) \\([^ ]*\\)\$/  {\"\\2\", (lt_ptr) \\&\\2},/p'\''"'
lt_lt_cv_sys_global_symbol_to_cdecl='"sed -n -e '\''s/^. .* \\(.*\\)\$/extern int \\1;/p'\''"'

## ----------------- ##
## Output variables. ##
## ----------------- ##

ACLOCAL='${SHELL} /home/ptorelli/proj/Archives/particleman/plotutils-2.6/missing --run aclocal-1.10'
ALLOCA=''
AMDEPBACKSLASH='\'
AMDEP_FALSE='#'
AMDEP_TRUE=''
AMTAR='${SHELL} /home/ptorelli/proj/Archives/particleman/plotutils-2.6/missing --run tar'
AR='ar'
AUTOCONF='${SHELL} /home/ptorelli/proj/Archives/particleman/plotutils-2.6/missing --run autoconf'
AUTOHEADER='${SHELL} /home/ptorelli/proj/Archives/particleman/plotutils-2.6/missing --run autoheader'
AUTOMAKE='${SHELL} /home/ptorelli/proj/Archives/particleman/plotutils-2.6/missing --run automake-1.10'
AWK='gawk'
CC='gcc'
CCDEPMODE='depmode=gcc3'
CFLAGS='-O2'
CPP='gcc -E'
CPPFLAGS=''
CXX='g++'
CXXCPP='g++ -E'
CXXDEPMODE='depmode=gcc3'
CXXFLAGS='-O2'
CYGPATH_W='echo'
DEFS='-DHAVE_CONFIG_H'
DEPDIR='.deps'
ECHO='echo'
ECHO_C=''
ECHO_N='-n'
ECHO_T=''
EGREP='/bin/grep -E'
EXEEXT=''
F77=''
FFLAGS=''
GREP='/bin/grep'
INSTALL_DATA='${INSTALL} -m 644'
INSTALL_PROGRAM='${INSTALL}'
INSTALL_SCRIPT='${INSTALL}'
INSTALL_STRIP_PROGRAM='$(install_sh) -c -s'
LDFLAGS=''
LEX='${SHELL} /home/ptorelli/proj/Archives/particleman/plotutils-2.6/missing --run flex'
LEXLIB=''
LEX_OUTPUT_ROOT=''
LIBOBJS=''
LIBS=' -lm'
LIBTOOL='$(SHELL) $(top_builddir)/libtool'
LN_S='ln -s'
LTLIBOBJS=''
MAKEINFO='${SHELL} /home/ptorelli/proj/Archives/particleman/plotutils-2.6/missing --run makeinfo'
NO_LIBPLOTTER_FALSE='#'
NO_LIBPLOTTER_TRUE=''
NO_LIBXMI_FALSE='#'
NO_LIBXMI_TRUE=''
NO_PNG_FALSE='#'
NO_PNG_TRUE=''
NO_X_FALSE='#'
NO_X_TRUE=''
OBJEXT='o'
PACKAGE='plotutils'
PACKAGE_BUGREPORT='bug-plotutils@gnu.org'
PACKAGE_NAME='GNU plotutils'
PACKAGE_STRING='GNU plotutils 2.6'
PACKAGE_TARNAME='plotutils'
PACKAGE_VERSION='2.6'
PATH_SEPARATOR=':'
RANLIB='ranlib'
SET_MAKE=''
SHELL='/bin/bash'
STRIP='strip'
VERSION='2.6'
XMKMF=''
X_BASIC_LIBS='-lXext -lX11'
X_CFLAGS=''
X_EXTRA_LIBS=''
X_LIBS=''
X_PRE_LIBS=''
X_TOOLKIT_LIBS='-lXaw -lXmu -lXt'
YACC='yacc'
YFLAGS=''
ac_ct_CC='gcc'
ac_ct_CXX='g++'
ac_ct_F77=''
am__fastdepCC_FALSE='#'
am__fastdepCC_TRUE=''
am__fastdepCXX_FALSE='#'
am__fastdepCXX_TRUE=''
am__include='include'
am__isrc=''
am__leading_dot='.'
am__quote=''
am__tar='${AMTAR} chof - "$$tardir"'
am__untar='${AMTAR} xf -'
bindir='${exec_prefix}/bin'
build='x86_64-unknown-linux-gnu'
build_alias=''
build_cpu='x86_64'
build_os='linux-gnu'
build_vendor='unknown'
datadir='${datarootdir}'
datarootdir='${prefix}/share'
docdir='${datarootdir}/doc/${PACKAGE_TARNAME}'
dvidir='${docdir}'
exec_prefix='${prefix}'
host='x86_64-unknown-linux-gnu'
host_alias=''
host_cpu='x86_64'
host_os='linux-gnu'
host_vendor='unknown'
htmldir='${docdir}'
includedir='${prefix}/include'
infodir='${datarootdir}/info'
install_sh='$(SHELL) /home/ptorelli/proj/Archives/particleman/plotutils-2.6/install-sh'
libdir='${exec_prefix}/lib'
libexecdir='${exec_prefix}/libexec'
localedir='${datarootdir}/locale'
localstatedir='${prefix}/var'
mandir='${datarootdir}/man'
mkdir_p='/bin/mkdir -p'
oldincludedir='/usr/include'
pdfdir='${docdir}'
prefix='/usr/local'
program_transform_name='s,x,x,'
ps_fonts_in_pcl='0'
psdir='${docdir}'
sbindir='${exec_prefix}/sbin'
sharedstatedir='${prefix}/com'
sysconfdir='${prefix}/etc'
target_alias=''

## ----------- ##
## confdefs.h. ##
## ----------- ##

#define PACKAGE_NAME "GNU plotutils"
#define PACKAGE_TARNAME "plotutils"
#define PACKAGE_VERSION "2.6"
#define PACKAGE_STRING "GNU plotutils 2.6"
#define PACKAGE_BUGREPORT "bug-plotutils@gnu.org"
#define PACKAGE "plotutils"
#define VERSION "2.6"
#define STDC_HEADERS 1
#define HAVE_SYS_TYPES_H 1
#define HAVE_SYS_STAT_H 1
#define HAVE_STDLIB_H 1
#define HAVE_STRING_H 1
#define HAVE_MEMORY_H 1
#define HAVE_STRINGS_H 1
#define HAVE_INTTYPES_H 1
#define HAVE_STDINT_H 1
#define HAVE_UNISTD_H 1
#define HAVE_DLFCN_H 1
#define RETSIGTYPE void
#define HAVE_NULL_FLUSH 1
#define STDC_HEADERS 1
#define HAVE_STRING_H 1
#define HAVE_LIMITS_H 1
#define HAVE_FLOAT_H 1
#define HAVE_MALLOC_H 1
#define HAVE_PTHREAD_H 1
#define HAVE_STRINGS_H 1
#define HAVE_UNISTD_H 1
#define HAVE_VALUES_H 1
#define HAVE_SYS_SELECT_H 1
#define HAVE_SYS_TIME_H 1
#define HAVE_SYS_TYPES_H 1
#define HAVE_SYS_WAIT_H 1
#define TIME_WITH_SYS_TIME 1
#define HAVE_ALLOCA_H 1
#define HAVE_ALLOCA 1
#define PTHREAD_SUPPORT 1
#define HAVE_CTIME_R 1
#define HAVE_LOCALTIME_R 1
#define HAVE_WAITPID 1
#define HAVE_MEMCPY 1
#define HAVE_MEMMOVE 1
#define HAVE_STRCHR 1
#define HAVE_STRCASECMP 1
#define HAVE_STRERROR 1
#define HAVE_MATHERR 1
#define HAVE_J0 1
#define HAVE_ERF 1
#define HAVE_LGAMMA 1
#define HAVE_GAMMA 1
#define X_DISPLAY_MISSING 1

configure: exit 0
